{"name": "Номер заказа появляется в разделе \"В работе\"", "status": "broken", "statusDetails": {"message": "selenium.common.exceptions.TimeoutException: Message:", "trace": "self = <tests.test_order_feed_functionality.TestOrderFeedFunctionality object at 0x1075c2c50>\ndriver = <selenium.webdriver.chrome.webdriver.WebDriver (session=\"236cd1dd797ffab243461f2512cd8a87\")>\nregister_user = {'access_token': None, 'email': '4glogbqa@ya.ru', 'password': 'D&6Fe7jCk@'}\n\n    @allure.title('Номер заказа появляется в разделе \"В работе\"')\n    def test_new_order_number_appears_in_in_progress_section(self,driver,register_user):\n    \n        login_page = LP(driver)\n        login_page.open_login_page()\n        login_page.fill_email(register_user[\"email\"])\n        login_page.fill_password(register_user[\"password\"])\n        login_page.click_login_button()\n        login_page.wait_for_page_loading(CPL.PERSONAL_ACCOUNT_BUTTON)\n    \n        constructor_page = CP(driver)\n        constructor_page.wait_for_visible_element(CPL.CRATOR_BUN_N_200i)\n        constructor_page.drag_and_drop_bun()\n        constructor_page.wait_for_visible_element(CPL.BURGER_BASKET)\n        constructor_page.click_create_order()\n    \n>       constructor_page.wait_for_order_number_to_appear()\n\ntests/test_order_feed_functionality.py:151: \n_ _ _ _ _ _ _ _ _ _ _ _ _ _ _ _ _ _ _ _ _ _ _ _ _ _ _ _ _ _ _ _ _ _ _ _ _ _ _ _ _ _ _ _ _ _ _ _ _ _ _ _ _ _ _ _ _ _ _ _ _ _ _ _ _ _ _ _ _ _ _ _ _ _\npages/constructor_page.py:46: in wait_for_order_number_to_appear\n    wait.until(lambda driver: element.text.strip().isdigit() and element.text != '9999')\n_ _ _ _ _ _ _ _ _ _ _ _ _ _ _ _ _ _ _ _ _ _ _ _ _ _ _ _ _ _ _ _ _ _ _ _ _ _ _ _ _ _ _ _ _ _ _ _ _ _ _ _ _ _ _ _ _ _ _ _ _ _ _ _ _ _ _ _ _ _ _ _ _ _\n\nself = <selenium.webdriver.support.wait.WebDriverWait (session=\"236cd1dd797ffab243461f2512cd8a87\")>\nmethod = <function ConstructorPage.wait_for_order_number_to_appear.<locals>.<lambda> at 0x10777a160>, message = ''\n\n    def until(self, method: Callable[[D], Union[Literal[False], T]], message: str = \"\") -> T:\n        \"\"\"Wait until the method returns a value that is not False.\n    \n        Calls the method provided with the driver as an argument until the\n        return value does not evaluate to ``False``.\n    \n        Parameters:\n        -----------\n        method: callable(WebDriver)\n            - A callable object that takes a WebDriver instance as an argument.\n    \n        message: str\n            - Optional message for :exc:`TimeoutException`\n    \n        Return:\n        -------\n        object: T\n            - The result of the last call to `method`\n    \n        Raises:\n        -------\n        TimeoutException\n            - If 'method' does not return a truthy value within the WebDriverWait\n            object's timeout\n    \n        Example:\n        --------\n        >>> from selenium.webdriver.common.by import By\n        >>> from selenium.webdriver.support.ui import WebDriverWait\n        >>> from selenium.webdriver.support import expected_conditions as EC\n    \n        # Wait until an element is visible on the page\n        >>> wait = WebDriverWait(driver, 10)\n        >>> element = wait.until(EC.visibility_of_element_located((By.ID, \"exampleId\")))\n        >>> print(element.text)\n        \"\"\"\n        screen = None\n        stacktrace = None\n    \n        end_time = time.monotonic() + self._timeout\n        while True:\n            try:\n                value = method(self._driver)\n                if value:\n                    return value\n            except self._ignored_exceptions as exc:\n                screen = getattr(exc, \"screen\", None)\n                stacktrace = getattr(exc, \"stacktrace\", None)\n            if time.monotonic() > end_time:\n                break\n            time.sleep(self._poll)\n>       raise TimeoutException(message, screen, stacktrace)\nE       selenium.common.exceptions.TimeoutException: Message:\n\n/Library/Frameworks/Python.framework/Versions/3.13/lib/python3.13/site-packages/selenium/webdriver/support/wait.py:146: TimeoutException"}, "steps": [{"name": "Открыть страницу \"Вход\"", "status": "passed", "steps": [{"name": "Переход на страницу 'https://stellarburgers.nomoreparties.site/login'", "status": "passed", "parameters": [{"name": "url", "value": "'https://stellarburgers.nomoreparties.site/login'"}], "start": 1751640481159, "stop": 1751640481543}], "start": 1751640481159, "stop": 1751640481543}, {"name": "Заполнение поля \"Email\"", "status": "passed", "steps": [{"name": "Ожидание видимости элемента", "status": "passed", "parameters": [{"name": "locator", "value": "('xpath', \".//label[text()='Email']/following-sibling::input\")"}], "start": 1751640481543, "stop": 1751640483065}, {"name": "Клик по элементу ('xpath', \".//label[text()='Email']/following-sibling::input\")", "status": "passed", "steps": [{"name": "Клик по элементу ('xpath', \".//label[text()='Email']/following-sibling::input\") в chrome", "status": "passed", "parameters": [{"name": "locator", "value": "('xpath', \".//label[text()='Email']/following-sibling::input\")"}], "start": 1751640483066, "stop": 1751640483105}], "parameters": [{"name": "locator", "value": "('xpath', \".//label[text()='Email']/following-sibling::input\")"}], "start": 1751640483065, "stop": 1751640483105}, {"name": "Заполнение поля ('xpath', \".//label[text()='Email']/following-sibling::input\") текстом '4glogbqa@ya.ru'", "status": "passed", "parameters": [{"name": "locator", "value": "('xpath', \".//label[text()='Email']/following-sibling::input\")"}, {"name": "text", "value": "'4glogbqa@ya.ru'"}], "start": 1751640483105, "stop": 1751640483190}], "parameters": [{"name": "email", "value": "'4glogbqa@ya.ru'"}], "start": 1751640481543, "stop": 1751640483190}, {"name": "Заполнение поля \"Пароль\"", "status": "passed", "steps": [{"name": "Ожидание видимости элемента", "status": "passed", "parameters": [{"name": "locator", "value": "('xpath', \".//label[text()='Пароль']/following-sibling::input\")"}], "start": 1751640483190, "stop": 1751640483199}, {"name": "Клик по элементу ('xpath', \".//label[text()='Пароль']/following-sibling::input\")", "status": "passed", "steps": [{"name": "Клик по элементу ('xpath', \".//label[text()='Пароль']/following-sibling::input\") в chrome", "status": "passed", "parameters": [{"name": "locator", "value": "('xpath', \".//label[text()='Пароль']/following-sibling::input\")"}], "start": 1751640483199, "stop": 1751640483236}], "parameters": [{"name": "locator", "value": "('xpath', \".//label[text()='Пароль']/following-sibling::input\")"}], "start": 1751640483199, "stop": 1751640483236}, {"name": "Заполнение поля ('xpath', \".//label[text()='Пароль']/following-sibling::input\") текстом 'D&6Fe7jCk@'", "status": "passed", "parameters": [{"name": "locator", "value": "('xpath', \".//label[text()='Пароль']/following-sibling::input\")"}, {"name": "text", "value": "'D&6Fe7jCk@'"}], "start": 1751640483236, "stop": 1751640483266}], "parameters": [{"name": "password", "value": "'D&6Fe7jCk@'"}], "start": 1751640483190, "stop": 1751640483266}, {"name": "Клик по кнопке \"Вход\"", "status": "passed", "steps": [{"name": "Ожидание кликабельности элемента ('xpath', \".//button[text()='Войти']\") и клик по нему", "status": "passed", "parameters": [{"name": "locator", "value": "('xpath', \".//button[text()='Войти']\")"}], "start": 1751640483267, "stop": 1751640483302}], "start": 1751640483267, "stop": 1751640483302}, {"name": "Ожидание видимости элемента", "status": "passed", "parameters": [{"name": "locator", "value": "('xpath', \".//p[text()='Краторная булка N-200i']/ancestor::a\")"}], "start": 1751640483309, "stop": 1751640483834}, {"name": "Перетаскивание ингридиента в корзину", "status": "passed", "steps": [{"name": "Перетаскивание элемента в Chrome", "status": "passed", "steps": [{"name": "Поиск элемента ('xpath', \".//p[text()='Краторная булка N-200i']/ancestor::a\")", "status": "passed", "parameters": [{"name": "locator", "value": "('xpath', \".//p[text()='Краторная булка N-200i']/ancestor::a\")"}], "start": 1751640483834, "stop": 1751640483838}, {"name": "Поиск элемента ('xpath', \".//ul[contains(@class, 'BurgerConstructor_basket__list__')]\")", "status": "passed", "parameters": [{"name": "locator", "value": "('xpath', \".//ul[contains(@class, 'BurgerConstructor_basket__list__')]\")"}], "start": 1751640483838, "stop": 1751640483843}], "parameters": [{"name": "source_locator", "value": "('xpath', \".//p[text()='Краторная булка N-200i']/ancestor::a\")"}, {"name": "target_locator", "value": "('xpath', \".//ul[contains(@class, 'BurgerConstructor_basket__list__')]\")"}], "start": 1751640483834, "stop": 1751640484367}], "start": 1751640483834, "stop": 1751640484367}, {"name": "Ожидание видимости элемента", "status": "passed", "parameters": [{"name": "locator", "value": "('xpath', \".//span[contains(@class, 'constructor-element__text')]\")"}], "start": 1751640484367, "stop": 1751640484379}, {"name": "Клик по кнопке \"Создать заказ\"", "status": "passed", "steps": [{"name": "Клик по элементу ('xpath', \".//button[text()='Оформить заказ']\")", "status": "passed", "steps": [{"name": "Клик по элементу ('xpath', \".//button[text()='Оформить заказ']\") в chrome", "status": "passed", "parameters": [{"name": "locator", "value": "('xpath', \".//button[text()='Оформить заказ']\")"}], "start": 1751640484379, "stop": 1751640484414}], "parameters": [{"name": "locator", "value": "('xpath', \".//button[text()='Оформить заказ']\")"}], "start": 1751640484379, "stop": 1751640484414}], "start": 1751640484379, "stop": 1751640484414}, {"name": "Ожидание появления корректного номера заказа в модальном окне", "status": "broken", "statusDetails": {"message": "selenium.common.exceptions.TimeoutException: Message: \n\n", "trace": "  File \"/Library/Frameworks/Python.framework/Versions/3.13/lib/python3.13/site-packages/allure_commons/_allure.py\", line 202, in impl\n    return func(*a, **kw)\n  File \"/Users/artemskuratov/Desktop/Diplom_Artyom_Shkuratov_21/Diplom_3/pages/constructor_page.py\", line 46, in wait_for_order_number_to_appear\n    wait.until(lambda driver: element.text.strip().isdigit() and element.text != '9999')\n    ~~~~~~~~~~^^^^^^^^^^^^^^^^^^^^^^^^^^^^^^^^^^^^^^^^^^^^^^^^^^^^^^^^^^^^^^^^^^^^^^^^^^\n  File \"/Library/Frameworks/Python.framework/Versions/3.13/lib/python3.13/site-packages/selenium/webdriver/support/wait.py\", line 146, in until\n    raise TimeoutException(message, screen, stacktrace)\n"}, "start": 1751640484414, "stop": 1751640495287}], "parameters": [{"name": "driver", "value": "'chrome'"}], "start": 1751640481159, "stop": 1751640495289, "uuid": "a644234b-af70-4d9b-9aee-93b6582bd4da", "historyId": "f506b53c884fe89e7efeab2e9f682963", "testCaseId": "68074b7b49dd3a27335d35956c0a171d", "fullName": "tests.test_order_feed_functionality.TestOrderFeedFunctionality#test_new_order_number_appears_in_in_progress_section", "labels": [{"name": "parentSuite", "value": "tests"}, {"name": "suite", "value": "test_order_feed_functionality"}, {"name": "subSuite", "value": "TestOrderFeedFunctionality"}, {"name": "host", "value": "MacBook-Pro.local"}, {"name": "thread", "value": "69193-MainThread"}, {"name": "framework", "value": "pytest"}, {"name": "language", "value": "cpython3"}, {"name": "package", "value": "tests.test_order_feed_functionality"}]}